<?xml version="1.0" encoding="UTF-8"?>
<!-- Generated by org.testng.reporters.JUnitReportReporter -->
<testsuite hostname="USERs-MacBook-Air.local" name="com.test.NewTest" tests="1" failures="0" timestamp="1 Apr 2022 11:58:39 GMT" time="60.164" errors="0">
  <testcase name="setDriver" time="60.164" classname="com.test.NewTest"/>
</testsuite> <!-- com.test.NewTest -->
